<?xml version="1.0" encoding="UTF-8"?>
<testng-results ignored="0" total="5" passed="2" failed="3" skipped="0">
  <reporter-output>
  </reporter-output>
  <suite started-at="2025-05-04T19:29:02 IST" name="Default suite" finished-at="2025-05-04T19:29:32 IST" duration-ms="30068">
    <groups>
    </groups>
    <test started-at="2025-05-04T19:29:02 IST" name="Default test" finished-at="2025-05-04T19:29:32 IST" duration-ms="30068">
      <class name="com.TestSuite.Login">
        <test-method is-config="true" signature="tearUp()[pri:0, instance:com.TestSuite.Login@24269709]" started-at="2025-05-04T19:29:02 IST" name="tearUp" finished-at="2025-05-04T19:29:10 IST" duration-ms="7469" status="PASS">
          <reporter-output>
          </reporter-output>
        </test-method> <!-- tearUp -->
        <test-method is-config="true" signature="startTest(org.testng.ITestResult)[pri:0, instance:com.TestSuite.Login@24269709]" started-at="2025-05-04T19:29:12 IST" name="startTest" finished-at="2025-05-04T19:29:12 IST" duration-ms="8" status="PASS">
          <params>
            <param index="0">
              <value>
                <![CDATA[[TestResult name={null} status=CREATED method=Login.LoginToOrangeHRMAppWithValidData(java.lang.String,java.lang.String)[pri:0, instance:com.TestSuite.Login@24269709] output={null}]]]>
              </value>
            </param>
          </params>
          <reporter-output>
          </reporter-output>
        </test-method> <!-- startTest -->
        <test-method signature="LoginToOrangeHRMAppWithValidData(java.lang.String,java.lang.String)[pri:0, instance:com.TestSuite.Login@24269709]" started-at="2025-05-04T19:29:12 IST" name="LoginToOrangeHRMAppWithValidData" data-provider="readExcel" finished-at="2025-05-04T19:29:15 IST" duration-ms="2450" status="PASS">
          <params>
            <param index="0">
              <value>
                <![CDATA[Admin]]>
              </value>
            </param>
            <param index="1">
              <value>
                <![CDATA[admin123]]>
              </value>
            </param>
          </params>
          <reporter-output>
          </reporter-output>
        </test-method> <!-- LoginToOrangeHRMAppWithValidData -->
        <test-method is-config="true" signature="Logout(org.testng.ITestResult)[pri:0, instance:com.TestSuite.Login@24269709]" started-at="2025-05-04T19:29:15 IST" name="Logout" finished-at="2025-05-04T19:29:19 IST" duration-ms="3890" status="PASS">
          <params>
            <param index="0">
              <value>
                <![CDATA[[TestResult name=LoginToOrangeHRMAppWithValidData status=SUCCESS method=Login.LoginToOrangeHRMAppWithValidData(java.lang.String,java.lang.String)[pri:0, instance:com.TestSuite.Login@24269709] output={null}]]]>
              </value>
            </param>
          </params>
          <reporter-output>
          </reporter-output>
        </test-method> <!-- Logout -->
        <test-method is-config="true" signature="startTest(org.testng.ITestResult)[pri:0, instance:com.TestSuite.Login@24269709]" started-at="2025-05-04T19:29:19 IST" name="startTest" finished-at="2025-05-04T19:29:19 IST" duration-ms="2" status="PASS">
          <params>
            <param index="0">
              <value>
                <![CDATA[[TestResult name={null} status=CREATED method=Login.LoginToOrangeHRMAppWithValidData(java.lang.String,java.lang.String)[pri:0, instance:com.TestSuite.Login@24269709] output={null}]]]>
              </value>
            </param>
          </params>
          <reporter-output>
          </reporter-output>
        </test-method> <!-- startTest -->
        <test-method signature="LoginToOrangeHRMAppWithValidData(java.lang.String,java.lang.String)[pri:0, instance:com.TestSuite.Login@24269709]" started-at="2025-05-04T19:29:19 IST" name="LoginToOrangeHRMAppWithValidData" data-provider="readExcel" finished-at="2025-05-04T19:29:21 IST" duration-ms="1689" status="FAIL">
          <params>
            <param index="0">
              <value>
                <![CDATA[Simran]]>
              </value>
            </param>
            <param index="1">
              <value>
                <![CDATA[simran123]]>
              </value>
            </param>
          </params>
          <exception class="java.lang.AssertionError">
            <message>
              <![CDATA[Invalid username/password expected [https://opensource-demo.orangehrmlive.com/web/index.php/dashboard/index] but found [https://opensource-demo.orangehrmlive.com/web/index.php/auth/login]]]>
            </message>
            <full-stacktrace>
              <![CDATA[java.lang.AssertionError: Invalid username/password expected [https://opensource-demo.orangehrmlive.com/web/index.php/dashboard/index] but found [https://opensource-demo.orangehrmlive.com/web/index.php/auth/login]
at org.testng.Assert.fail(Assert.java:111)
at org.testng.Assert.failNotEquals(Assert.java:1590)
at org.testng.Assert.assertEqualsImpl(Assert.java:150)
at org.testng.Assert.assertEquals(Assert.java:132)
at org.testng.Assert.assertEquals(Assert.java:656)
at com.TestSuite.Login.LoginToOrangeHRMAppWithValidData(Login.java:51)
at java.base/jdk.internal.reflect.DirectMethodHandleAccessor.invoke(DirectMethodHandleAccessor.java:103)
at java.base/java.lang.reflect.Method.invoke(Method.java:580)
at org.testng.internal.invokers.MethodInvocationHelper.invokeMethod(MethodInvocationHelper.java:141)
at org.testng.internal.invokers.TestInvoker.invokeMethod(TestInvoker.java:687)
at org.testng.internal.invokers.TestInvoker.invokeTestMethod(TestInvoker.java:230)
at org.testng.internal.invokers.MethodRunner.runInSequence(MethodRunner.java:63)
at org.testng.internal.invokers.TestInvoker$MethodInvocationAgent.invoke(TestInvoker.java:995)
at org.testng.internal.invokers.TestInvoker.invokeTestMethods(TestInvoker.java:203)
at org.testng.internal.invokers.TestMethodWorker.invokeTestMethods(TestMethodWorker.java:154)
at org.testng.internal.invokers.TestMethodWorker.run(TestMethodWorker.java:134)
at java.base/java.util.ArrayList.forEach(ArrayList.java:1596)
at org.testng.TestRunner.privateRun(TestRunner.java:741)
at org.testng.TestRunner.run(TestRunner.java:616)
at org.testng.SuiteRunner.runTest(SuiteRunner.java:421)
at org.testng.SuiteRunner.runSequentially(SuiteRunner.java:413)
at org.testng.SuiteRunner.privateRun(SuiteRunner.java:373)
at org.testng.SuiteRunner.run(SuiteRunner.java:312)
at org.testng.SuiteRunnerWorker.runSuite(SuiteRunnerWorker.java:52)
at org.testng.SuiteRunnerWorker.run(SuiteRunnerWorker.java:95)
at org.testng.TestNG.runSuitesSequentially(TestNG.java:1274)
at org.testng.TestNG.runSuitesLocally(TestNG.java:1208)
at org.testng.TestNG.runSuites(TestNG.java:1112)
at org.testng.TestNG.run(TestNG.java:1079)
at org.testng.remote.AbstractRemoteTestNG.run(AbstractRemoteTestNG.java:115)
at org.testng.remote.RemoteTestNG.initAndRun(RemoteTestNG.java:293)
at org.testng.remote.RemoteTestNG.main(RemoteTestNG.java:91)
]]>
            </full-stacktrace>
          </exception> <!-- java.lang.AssertionError -->
          <reporter-output>
          </reporter-output>
        </test-method> <!-- LoginToOrangeHRMAppWithValidData -->
        <test-method is-config="true" signature="Logout(org.testng.ITestResult)[pri:0, instance:com.TestSuite.Login@24269709]" started-at="2025-05-04T19:29:21 IST" name="Logout" finished-at="2025-05-04T19:29:21 IST" duration-ms="335" status="PASS">
          <params>
            <param index="0">
              <value>
                <![CDATA[[TestResult name=LoginToOrangeHRMAppWithValidData status=FAILURE method=Login.LoginToOrangeHRMAppWithValidData(java.lang.String,java.lang.String)[pri:0, instance:com.TestSuite.Login@24269709] output={null}]]]>
              </value>
            </param>
          </params>
          <reporter-output>
          </reporter-output>
        </test-method> <!-- Logout -->
        <test-method signature="LoginToOrangeHRMAppWithValidData(java.lang.String,java.lang.String)[pri:0, instance:com.TestSuite.Login@24269709]" started-at="2025-05-04T19:29:21 IST" name="LoginToOrangeHRMAppWithValidData" data-provider="readExcel" finished-at="2025-05-04T19:29:23 IST" duration-ms="1977" status="PASS">
          <params>
            <param index="0">
              <value>
                <![CDATA[Admin]]>
              </value>
            </param>
            <param index="1">
              <value>
                <![CDATA[admin123]]>
              </value>
            </param>
          </params>
          <reporter-output>
          </reporter-output>
        </test-method> <!-- LoginToOrangeHRMAppWithValidData -->
        <test-method is-config="true" signature="startTest(org.testng.ITestResult)[pri:0, instance:com.TestSuite.Login@24269709]" started-at="2025-05-04T19:29:21 IST" name="startTest" finished-at="2025-05-04T19:29:21 IST" duration-ms="0" status="PASS">
          <params>
            <param index="0">
              <value>
                <![CDATA[[TestResult name={null} status=CREATED method=Login.LoginToOrangeHRMAppWithValidData(java.lang.String,java.lang.String)[pri:0, instance:com.TestSuite.Login@24269709] output={null}]]]>
              </value>
            </param>
          </params>
          <reporter-output>
          </reporter-output>
        </test-method> <!-- startTest -->
        <test-method is-config="true" signature="Logout(org.testng.ITestResult)[pri:0, instance:com.TestSuite.Login@24269709]" started-at="2025-05-04T19:29:23 IST" name="Logout" finished-at="2025-05-04T19:29:25 IST" duration-ms="2437" status="PASS">
          <params>
            <param index="0">
              <value>
                <![CDATA[[TestResult name=LoginToOrangeHRMAppWithValidData status=SUCCESS method=Login.LoginToOrangeHRMAppWithValidData(java.lang.String,java.lang.String)[pri:0, instance:com.TestSuite.Login@24269709] output={null}]]]>
              </value>
            </param>
          </params>
          <reporter-output>
          </reporter-output>
        </test-method> <!-- Logout -->
        <test-method signature="LoginToOrangeHRMAppWithValidData(java.lang.String,java.lang.String)[pri:0, instance:com.TestSuite.Login@24269709]" started-at="2025-05-04T19:29:25 IST" name="LoginToOrangeHRMAppWithValidData" data-provider="readExcel" finished-at="2025-05-04T19:29:27 IST" duration-ms="1896" status="FAIL">
          <params>
            <param index="0">
              <value>
                <![CDATA[Ketan]]>
              </value>
            </param>
            <param index="1">
              <value>
                <![CDATA[ketan123]]>
              </value>
            </param>
          </params>
          <exception class="java.lang.AssertionError">
            <message>
              <![CDATA[Invalid username/password expected [https://opensource-demo.orangehrmlive.com/web/index.php/dashboard/index] but found [https://opensource-demo.orangehrmlive.com/web/index.php/auth/login]]]>
            </message>
            <full-stacktrace>
              <![CDATA[java.lang.AssertionError: Invalid username/password expected [https://opensource-demo.orangehrmlive.com/web/index.php/dashboard/index] but found [https://opensource-demo.orangehrmlive.com/web/index.php/auth/login]
at org.testng.Assert.fail(Assert.java:111)
at org.testng.Assert.failNotEquals(Assert.java:1590)
at org.testng.Assert.assertEqualsImpl(Assert.java:150)
at org.testng.Assert.assertEquals(Assert.java:132)
at org.testng.Assert.assertEquals(Assert.java:656)
at com.TestSuite.Login.LoginToOrangeHRMAppWithValidData(Login.java:51)
at java.base/jdk.internal.reflect.DirectMethodHandleAccessor.invoke(DirectMethodHandleAccessor.java:103)
at java.base/java.lang.reflect.Method.invoke(Method.java:580)
at org.testng.internal.invokers.MethodInvocationHelper.invokeMethod(MethodInvocationHelper.java:141)
at org.testng.internal.invokers.TestInvoker.invokeMethod(TestInvoker.java:687)
at org.testng.internal.invokers.TestInvoker.invokeTestMethod(TestInvoker.java:230)
at org.testng.internal.invokers.MethodRunner.runInSequence(MethodRunner.java:63)
at org.testng.internal.invokers.TestInvoker$MethodInvocationAgent.invoke(TestInvoker.java:995)
at org.testng.internal.invokers.TestInvoker.invokeTestMethods(TestInvoker.java:203)
at org.testng.internal.invokers.TestMethodWorker.invokeTestMethods(TestMethodWorker.java:154)
at org.testng.internal.invokers.TestMethodWorker.run(TestMethodWorker.java:134)
at java.base/java.util.ArrayList.forEach(ArrayList.java:1596)
at org.testng.TestRunner.privateRun(TestRunner.java:741)
at org.testng.TestRunner.run(TestRunner.java:616)
at org.testng.SuiteRunner.runTest(SuiteRunner.java:421)
at org.testng.SuiteRunner.runSequentially(SuiteRunner.java:413)
at org.testng.SuiteRunner.privateRun(SuiteRunner.java:373)
at org.testng.SuiteRunner.run(SuiteRunner.java:312)
at org.testng.SuiteRunnerWorker.runSuite(SuiteRunnerWorker.java:52)
at org.testng.SuiteRunnerWorker.run(SuiteRunnerWorker.java:95)
at org.testng.TestNG.runSuitesSequentially(TestNG.java:1274)
at org.testng.TestNG.runSuitesLocally(TestNG.java:1208)
at org.testng.TestNG.runSuites(TestNG.java:1112)
at org.testng.TestNG.run(TestNG.java:1079)
at org.testng.remote.AbstractRemoteTestNG.run(AbstractRemoteTestNG.java:115)
at org.testng.remote.RemoteTestNG.initAndRun(RemoteTestNG.java:293)
at org.testng.remote.RemoteTestNG.main(RemoteTestNG.java:91)
]]>
            </full-stacktrace>
          </exception> <!-- java.lang.AssertionError -->
          <reporter-output>
          </reporter-output>
        </test-method> <!-- LoginToOrangeHRMAppWithValidData -->
        <test-method is-config="true" signature="startTest(org.testng.ITestResult)[pri:0, instance:com.TestSuite.Login@24269709]" started-at="2025-05-04T19:29:25 IST" name="startTest" finished-at="2025-05-04T19:29:25 IST" duration-ms="0" status="PASS">
          <params>
            <param index="0">
              <value>
                <![CDATA[[TestResult name={null} status=CREATED method=Login.LoginToOrangeHRMAppWithValidData(java.lang.String,java.lang.String)[pri:0, instance:com.TestSuite.Login@24269709] output={null}]]]>
              </value>
            </param>
          </params>
          <reporter-output>
          </reporter-output>
        </test-method> <!-- startTest -->
        <test-method is-config="true" signature="Logout(org.testng.ITestResult)[pri:0, instance:com.TestSuite.Login@24269709]" started-at="2025-05-04T19:29:27 IST" name="Logout" finished-at="2025-05-04T19:29:28 IST" duration-ms="658" status="PASS">
          <params>
            <param index="0">
              <value>
                <![CDATA[[TestResult name=LoginToOrangeHRMAppWithValidData status=FAILURE method=Login.LoginToOrangeHRMAppWithValidData(java.lang.String,java.lang.String)[pri:0, instance:com.TestSuite.Login@24269709] output={null}]]]>
              </value>
            </param>
          </params>
          <reporter-output>
          </reporter-output>
        </test-method> <!-- Logout -->
        <test-method signature="LoginToOrangeHRMAppWithValidData(java.lang.String,java.lang.String)[pri:0, instance:com.TestSuite.Login@24269709]" started-at="2025-05-04T19:29:28 IST" name="LoginToOrangeHRMAppWithValidData" data-provider="readExcel" finished-at="2025-05-04T19:29:29 IST" duration-ms="1521" status="FAIL">
          <params>
            <param index="0">
              <value>
                <![CDATA[Kirti]]>
              </value>
            </param>
            <param index="1">
              <value>
                <![CDATA[kirti123]]>
              </value>
            </param>
          </params>
          <exception class="java.lang.AssertionError">
            <message>
              <![CDATA[Invalid username/password expected [https://opensource-demo.orangehrmlive.com/web/index.php/dashboard/index] but found [https://opensource-demo.orangehrmlive.com/web/index.php/auth/login]]]>
            </message>
            <full-stacktrace>
              <![CDATA[java.lang.AssertionError: Invalid username/password expected [https://opensource-demo.orangehrmlive.com/web/index.php/dashboard/index] but found [https://opensource-demo.orangehrmlive.com/web/index.php/auth/login]
at org.testng.Assert.fail(Assert.java:111)
at org.testng.Assert.failNotEquals(Assert.java:1590)
at org.testng.Assert.assertEqualsImpl(Assert.java:150)
at org.testng.Assert.assertEquals(Assert.java:132)
at org.testng.Assert.assertEquals(Assert.java:656)
at com.TestSuite.Login.LoginToOrangeHRMAppWithValidData(Login.java:51)
at java.base/jdk.internal.reflect.DirectMethodHandleAccessor.invoke(DirectMethodHandleAccessor.java:103)
at java.base/java.lang.reflect.Method.invoke(Method.java:580)
at org.testng.internal.invokers.MethodInvocationHelper.invokeMethod(MethodInvocationHelper.java:141)
at org.testng.internal.invokers.TestInvoker.invokeMethod(TestInvoker.java:687)
at org.testng.internal.invokers.TestInvoker.invokeTestMethod(TestInvoker.java:230)
at org.testng.internal.invokers.MethodRunner.runInSequence(MethodRunner.java:63)
at org.testng.internal.invokers.TestInvoker$MethodInvocationAgent.invoke(TestInvoker.java:995)
at org.testng.internal.invokers.TestInvoker.invokeTestMethods(TestInvoker.java:203)
at org.testng.internal.invokers.TestMethodWorker.invokeTestMethods(TestMethodWorker.java:154)
at org.testng.internal.invokers.TestMethodWorker.run(TestMethodWorker.java:134)
at java.base/java.util.ArrayList.forEach(ArrayList.java:1596)
at org.testng.TestRunner.privateRun(TestRunner.java:741)
at org.testng.TestRunner.run(TestRunner.java:616)
at org.testng.SuiteRunner.runTest(SuiteRunner.java:421)
at org.testng.SuiteRunner.runSequentially(SuiteRunner.java:413)
at org.testng.SuiteRunner.privateRun(SuiteRunner.java:373)
at org.testng.SuiteRunner.run(SuiteRunner.java:312)
at org.testng.SuiteRunnerWorker.runSuite(SuiteRunnerWorker.java:52)
at org.testng.SuiteRunnerWorker.run(SuiteRunnerWorker.java:95)
at org.testng.TestNG.runSuitesSequentially(TestNG.java:1274)
at org.testng.TestNG.runSuitesLocally(TestNG.java:1208)
at org.testng.TestNG.runSuites(TestNG.java:1112)
at org.testng.TestNG.run(TestNG.java:1079)
at org.testng.remote.AbstractRemoteTestNG.run(AbstractRemoteTestNG.java:115)
at org.testng.remote.RemoteTestNG.initAndRun(RemoteTestNG.java:293)
at org.testng.remote.RemoteTestNG.main(RemoteTestNG.java:91)
]]>
            </full-stacktrace>
          </exception> <!-- java.lang.AssertionError -->
          <reporter-output>
          </reporter-output>
        </test-method> <!-- LoginToOrangeHRMAppWithValidData -->
        <test-method is-config="true" signature="startTest(org.testng.ITestResult)[pri:0, instance:com.TestSuite.Login@24269709]" started-at="2025-05-04T19:29:28 IST" name="startTest" finished-at="2025-05-04T19:29:28 IST" duration-ms="0" status="PASS">
          <params>
            <param index="0">
              <value>
                <![CDATA[[TestResult name={null} status=CREATED method=Login.LoginToOrangeHRMAppWithValidData(java.lang.String,java.lang.String)[pri:0, instance:com.TestSuite.Login@24269709] output={null}]]]>
              </value>
            </param>
          </params>
          <reporter-output>
          </reporter-output>
        </test-method> <!-- startTest -->
        <test-method is-config="true" signature="Logout(org.testng.ITestResult)[pri:0, instance:com.TestSuite.Login@24269709]" started-at="2025-05-04T19:29:29 IST" name="Logout" finished-at="2025-05-04T19:29:30 IST" duration-ms="246" status="PASS">
          <params>
            <param index="0">
              <value>
                <![CDATA[[TestResult name=LoginToOrangeHRMAppWithValidData status=FAILURE method=Login.LoginToOrangeHRMAppWithValidData(java.lang.String,java.lang.String)[pri:0, instance:com.TestSuite.Login@24269709] output={null}]]]>
              </value>
            </param>
          </params>
          <reporter-output>
          </reporter-output>
        </test-method> <!-- Logout -->
        <test-method is-config="true" signature="tearDown()[pri:0, instance:com.TestSuite.Login@24269709]" started-at="2025-05-04T19:29:30 IST" name="tearDown" finished-at="2025-05-04T19:29:32 IST" duration-ms="2661" status="PASS">
          <reporter-output>
          </reporter-output>
        </test-method> <!-- tearDown -->
      </class> <!-- com.TestSuite.Login -->
    </test> <!-- Default test -->
  </suite> <!-- Default suite -->
</testng-results>
